<?xml version="1.0" encoding="UTF-8"?>
<testng-results ignored="0" total="2" passed="2" failed="0" skipped="0">
  <reporter-output>
  </reporter-output>
  <suite started-at="2024-08-10T14:19:01 IST" name="Surefire suite" finished-at="2024-08-10T14:19:32 IST" duration-ms="30953">
    <groups>
    </groups>
    <test started-at="2024-08-10T14:19:01 IST" name="Surefire test" finished-at="2024-08-10T14:19:32 IST" duration-ms="30953">
      <class name="firstTest">
        <test-method signature="openGoogle()[pri:0, instance:firstTest@6e0dec4a]" started-at="2024-08-10T14:19:01 IST" name="openGoogle" finished-at="2024-08-10T14:19:22 IST" duration-ms="21357" status="PASS">
          <reporter-output>
          </reporter-output>
        </test-method> <!-- openGoogle -->
        <test-method signature="openSC()[pri:0, instance:firstTest@6e0dec4a]" started-at="2024-08-10T14:19:22 IST" name="openSC" finished-at="2024-08-10T14:19:32 IST" duration-ms="9546" status="PASS">
          <reporter-output>
          </reporter-output>
        </test-method> <!-- openSC -->
      </class> <!-- firstTest -->
    </test> <!-- Surefire test -->
  </suite> <!-- Surefire suite -->
</testng-results>
